<?xml version="1.0" encoding="UTF-8"?>
<coverage generated="1744889891154" clover="3.2.0">
  <project timestamp="1744889891154" name="All files">
    <metrics statements="306" coveredstatements="262" conditionals="52" coveredconditionals="40" methods="12" coveredmethods="8" elements="370" coveredelements="310" complexity="0" loc="306" ncloc="306" packages="4" files="7" classes="7"/>
    <package name="my-app">
      <metrics statements="12" coveredstatements="0" conditionals="1" coveredconditionals="0" methods="1" coveredmethods="0"/>
      <file name="tailwind.config.js" path="C:\Users\diska\Desktop\Development\todos\my-app\tailwind.config.js">
        <metrics statements="12" coveredstatements="0" conditionals="1" coveredconditionals="0" methods="1" coveredmethods="0"/>
        <line num="1" count="0" type="cond" truecount="0" falsecount="1"/>
        <line num="2" count="0" type="stmt"/>
        <line num="3" count="0" type="stmt"/>
        <line num="4" count="0" type="stmt"/>
        <line num="5" count="0" type="stmt"/>
        <line num="6" count="0" type="stmt"/>
        <line num="7" count="0" type="stmt"/>
        <line num="8" count="0" type="stmt"/>
        <line num="9" count="0" type="stmt"/>
        <line num="10" count="0" type="stmt"/>
        <line num="11" count="0" type="stmt"/>
        <line num="12" count="0" type="stmt"/>
      </file>
    </package>
    <package name="my-app.src">
      <metrics statements="170" coveredstatements="149" conditionals="33" coveredconditionals="25" methods="7" coveredmethods="6"/>
      <file name="App.tsx" path="C:\Users\diska\Desktop\Development\todos\my-app\src\App.tsx">
        <metrics statements="149" coveredstatements="149" conditionals="32" coveredconditionals="25" methods="6" coveredmethods="6"/>
        <line num="1" count="1" type="stmt"/>
        <line num="2" count="1" type="stmt"/>
        <line num="3" count="1" type="stmt"/>
        <line num="4" count="1" type="stmt"/>
        <line num="5" count="1" type="stmt"/>
        <line num="15" count="13" type="cond" truecount="1" falsecount="0"/>
        <line num="16" count="13" type="stmt"/>
        <line num="17" count="13" type="stmt"/>
        <line num="19" count="13" type="stmt"/>
        <line num="22" count="13" type="cond" truecount="1" falsecount="0"/>
        <line num="23" count="2" type="stmt"/>
        <line num="24" count="2" type="cond" truecount="1" falsecount="0"/>
        <line num="25" count="2" type="stmt"/>
        <line num="26" count="2" type="cond" truecount="1" falsecount="0"/>
        <line num="27" count="8" type="cond" truecount="2" falsecount="0"/>
        <line num="28" count="2" type="stmt"/>
        <line num="29" count="2" type="stmt"/>
        <line num="30" count="2" type="stmt"/>
        <line num="33" count="13" type="cond" truecount="1" falsecount="0"/>
        <line num="34" count="1" type="stmt"/>
        <line num="35" count="1" type="cond" truecount="1" falsecount="0"/>
        <line num="36" count="1" type="stmt"/>
        <line num="37" count="1" type="stmt"/>
        <line num="38" count="1" type="cond" truecount="1" falsecount="0"/>
        <line num="39" count="1" type="cond" truecount="1" falsecount="0"/>
        <line num="40" count="1" type="stmt"/>
        <line num="41" count="1" type="stmt"/>
        <line num="44" count="13" type="stmt"/>
        <line num="47" count="13" type="cond" truecount="1" falsecount="0"/>
        <line num="48" count="1" type="stmt"/>
        <line num="49" count="1" type="stmt"/>
        <line num="50" count="1" type="stmt"/>
        <line num="51" count="1" type="stmt"/>
        <line num="52" count="1" type="stmt"/>
        <line num="53" count="1" type="stmt"/>
        <line num="54" count="1" type="stmt"/>
        <line num="55" count="1" type="stmt"/>
        <line num="56" count="1" type="stmt"/>
        <line num="57" count="1" type="stmt"/>
        <line num="58" count="1" type="stmt"/>
        <line num="59" count="1" type="stmt"/>
        <line num="60" count="1" type="stmt"/>
        <line num="61" count="1" type="stmt"/>
        <line num="62" count="1" type="stmt"/>
        <line num="64" count="13" type="cond" truecount="2" falsecount="0"/>
        <line num="66" count="13" type="stmt"/>
        <line num="67" count="13" type="stmt"/>
        <line num="68" count="13" type="stmt"/>
        <line num="69" count="13" type="stmt"/>
        <line num="70" count="13" type="stmt"/>
        <line num="72" count="13" type="stmt"/>
        <line num="73" count="13" type="stmt"/>
        <line num="74" count="13" type="stmt"/>
        <line num="75" count="13" type="stmt"/>
        <line num="76" count="13" type="stmt"/>
        <line num="79" count="13" type="stmt"/>
        <line num="80" count="13" type="cond" truecount="0" falsecount="1"/>
        <line num="82" count="13" type="stmt"/>
        <line num="83" count="13" type="cond" truecount="0" falsecount="1"/>
        <line num="85" count="13" type="stmt"/>
        <line num="86" count="13" type="cond" truecount="1" falsecount="0"/>
        <line num="87" count="1" type="stmt"/>
        <line num="88" count="1" type="stmt"/>
        <line num="89" count="1" type="stmt"/>
        <line num="90" count="13" type="stmt"/>
        <line num="92" count="13" type="stmt"/>
        <line num="93" count="13" type="stmt"/>
        <line num="94" count="13" type="stmt"/>
        <line num="95" count="13" type="cond" truecount="1" falsecount="0"/>
        <line num="96" count="13" type="stmt"/>
        <line num="97" count="13" type="stmt"/>
        <line num="98" count="13" type="stmt"/>
        <line num="99" count="13" type="stmt"/>
        <line num="100" count="13" type="stmt"/>
        <line num="101" count="13" type="stmt"/>
        <line num="102" count="13" type="cond" truecount="2" falsecount="0"/>
        <line num="103" count="13" type="stmt"/>
        <line num="105" count="13" type="stmt"/>
        <line num="106" count="13" type="stmt"/>
        <line num="107" count="13" type="stmt"/>
        <line num="108" count="13" type="stmt"/>
        <line num="109" count="13" type="stmt"/>
        <line num="110" count="13" type="stmt"/>
        <line num="111" count="13" type="stmt"/>
        <line num="113" count="13" type="stmt"/>
        <line num="114" count="13" type="stmt"/>
        <line num="115" count="13" type="stmt"/>
        <line num="116" count="13" type="stmt"/>
        <line num="117" count="13" type="stmt"/>
        <line num="118" count="13" type="stmt"/>
        <line num="119" count="13" type="cond" truecount="0" falsecount="1"/>
        <line num="121" count="13" type="cond" truecount="2" falsecount="0"/>
        <line num="122" count="33" type="stmt"/>
        <line num="123" count="33" type="stmt"/>
        <line num="124" count="33" type="stmt"/>
        <line num="125" count="33" type="stmt"/>
        <line num="126" count="33" type="stmt"/>
        <line num="128" count="33" type="stmt"/>
        <line num="129" count="33" type="stmt"/>
        <line num="130" count="13" type="stmt"/>
        <line num="131" count="13" type="stmt"/>
        <line num="132" count="13" type="stmt"/>
        <line num="136" count="13" type="stmt"/>
        <line num="137" count="13" type="cond" truecount="0" falsecount="1"/>
        <line num="139" count="13" type="stmt"/>
        <line num="140" count="13" type="cond" truecount="0" falsecount="1"/>
        <line num="142" count="13" type="cond" truecount="1" falsecount="0"/>
        <line num="143" count="13" type="cond" truecount="1" falsecount="0"/>
        <line num="144" count="13" type="cond" truecount="1" falsecount="0"/>
        <line num="145" count="22" type="stmt"/>
        <line num="146" count="22" type="stmt"/>
        <line num="147" count="22" type="stmt"/>
        <line num="148" count="22" type="stmt"/>
        <line num="149" count="22" type="stmt"/>
        <line num="151" count="22" type="stmt"/>
        <line num="152" count="22" type="stmt"/>
        <line num="153" count="13" type="stmt"/>
        <line num="154" count="13" type="stmt"/>
        <line num="155" count="13" type="stmt"/>
        <line num="158" count="13" type="stmt"/>
        <line num="159" count="13" type="cond" truecount="0" falsecount="1"/>
        <line num="162" count="13" type="stmt"/>
        <line num="163" count="13" type="cond" truecount="0" falsecount="1"/>
        <line num="165" count="13" type="cond" truecount="1" falsecount="0"/>
        <line num="166" count="13" type="cond" truecount="1" falsecount="0"/>
        <line num="167" count="13" type="cond" truecount="1" falsecount="0"/>
        <line num="168" count="11" type="stmt"/>
        <line num="169" count="11" type="stmt"/>
        <line num="170" count="11" type="stmt"/>
        <line num="171" count="11" type="stmt"/>
        <line num="172" count="11" type="stmt"/>
        <line num="174" count="11" type="stmt"/>
        <line num="175" count="11" type="stmt"/>
        <line num="176" count="13" type="stmt"/>
        <line num="177" count="13" type="stmt"/>
        <line num="179" count="13" type="stmt"/>
        <line num="180" count="13" type="stmt"/>
        <line num="182" count="13" type="stmt"/>
        <line num="183" count="13" type="stmt"/>
        <line num="184" count="13" type="stmt"/>
        <line num="185" count="13" type="stmt"/>
        <line num="186" count="13" type="stmt"/>
        <line num="187" count="13" type="stmt"/>
        <line num="188" count="13" type="stmt"/>
        <line num="189" count="13" type="stmt"/>
        <line num="190" count="13" type="stmt"/>
        <line num="191" count="13" type="stmt"/>
        <line num="193" count="13" type="stmt"/>
        <line num="195" count="1" type="stmt"/>
      </file>
      <file name="main.tsx" path="C:\Users\diska\Desktop\Development\todos\my-app\src\main.tsx">
        <metrics statements="21" coveredstatements="0" conditionals="1" coveredconditionals="0" methods="1" coveredmethods="0"/>
        <line num="1" count="0" type="cond" truecount="0" falsecount="1"/>
        <line num="2" count="0" type="stmt"/>
        <line num="3" count="0" type="stmt"/>
        <line num="4" count="0" type="stmt"/>
        <line num="5" count="0" type="stmt"/>
        <line num="7" count="0" type="stmt"/>
        <line num="8" count="0" type="stmt"/>
        <line num="9" count="0" type="stmt"/>
        <line num="10" count="0" type="stmt"/>
        <line num="12" count="0" type="stmt"/>
        <line num="14" count="0" type="stmt"/>
        <line num="15" count="0" type="stmt"/>
        <line num="16" count="0" type="stmt"/>
        <line num="18" count="0" type="stmt"/>
        <line num="20" count="0" type="stmt"/>
        <line num="22" count="0" type="stmt"/>
        <line num="25" count="0" type="stmt"/>
        <line num="26" count="0" type="stmt"/>
        <line num="27" count="0" type="stmt"/>
        <line num="28" count="0" type="stmt"/>
        <line num="29" count="0" type="stmt"/>
      </file>
    </package>
    <package name="my-app.src.components">
      <metrics statements="87" coveredstatements="81" conditionals="8" coveredconditionals="8" methods="3" coveredmethods="1"/>
      <file name="Button.tsx" path="C:\Users\diska\Desktop\Development\todos\my-app\src\components\Button.tsx">
        <metrics statements="25" coveredstatements="19" conditionals="3" coveredconditionals="3" methods="2" coveredmethods="0"/>
        <line num="1" count="1" type="stmt"/>
        <line num="11" count="1" type="stmt"/>
        <line num="12" count="1" type="cond" truecount="1" falsecount="0"/>
        <line num="14" count="12" type="stmt"/>
        <line num="15" count="0" type="stmt"/>
        <line num="16" count="0" type="stmt"/>
        <line num="19" count="0" type="stmt"/>
        <line num="20" count="0" type="stmt"/>
        <line num="21" count="0" type="stmt"/>
        <line num="22" count="0" type="stmt"/>
        <line num="24" count="12" type="stmt"/>
        <line num="25" count="12" type="stmt"/>
        <line num="27" count="12" type="stmt"/>
        <line num="28" count="12" type="stmt"/>
        <line num="29" count="12" type="stmt"/>
        <line num="30" count="12" type="cond" truecount="1" falsecount="0"/>
        <line num="31" count="4" type="cond" truecount="1" falsecount="0"/>
        <line num="32" count="8" type="stmt"/>
        <line num="33" count="12" type="stmt"/>
        <line num="34" count="12" type="stmt"/>
        <line num="36" count="12" type="stmt"/>
        <line num="37" count="12" type="stmt"/>
        <line num="39" count="12" type="stmt"/>
        <line num="40" count="1" type="stmt"/>
        <line num="42" count="1" type="stmt"/>
      </file>
      <file name="Footer.tsx" path="C:\Users\diska\Desktop\Development\todos\my-app\src\components\Footer.tsx">
        <metrics statements="38" coveredstatements="38" conditionals="1" coveredconditionals="1" methods="0" coveredmethods="0"/>
        <line num="1" count="1" type="stmt"/>
        <line num="3" count="1" type="stmt"/>
        <line num="5" count="1" type="stmt"/>
        <line num="6" count="1" type="cond" truecount="1" falsecount="0"/>
        <line num="7" count="13" type="stmt"/>
        <line num="8" count="13" type="stmt"/>
        <line num="9" count="13" type="stmt"/>
        <line num="10" count="13" type="stmt"/>
        <line num="11" count="13" type="stmt"/>
        <line num="16" count="13" type="stmt"/>
        <line num="17" count="13" type="stmt"/>
        <line num="18" count="13" type="stmt"/>
        <line num="19" count="13" type="stmt"/>
        <line num="20" count="13" type="stmt"/>
        <line num="21" count="13" type="stmt"/>
        <line num="22" count="13" type="stmt"/>
        <line num="23" count="13" type="stmt"/>
        <line num="25" count="13" type="stmt"/>
        <line num="26" count="13" type="stmt"/>
        <line num="27" count="13" type="stmt"/>
        <line num="28" count="13" type="stmt"/>
        <line num="30" count="13" type="stmt"/>
        <line num="31" count="13" type="stmt"/>
        <line num="32" count="13" type="stmt"/>
        <line num="33" count="13" type="stmt"/>
        <line num="35" count="13" type="stmt"/>
        <line num="36" count="13" type="stmt"/>
        <line num="37" count="13" type="stmt"/>
        <line num="38" count="13" type="stmt"/>
        <line num="39" count="13" type="stmt"/>
        <line num="40" count="13" type="stmt"/>
        <line num="42" count="13" type="stmt"/>
        <line num="43" count="13" type="stmt"/>
        <line num="44" count="13" type="stmt"/>
        <line num="45" count="13" type="stmt"/>
        <line num="47" count="13" type="stmt"/>
        <line num="48" count="1" type="stmt"/>
        <line num="50" count="1" type="stmt"/>
      </file>
      <file name="Todo.tsx" path="C:\Users\diska\Desktop\Development\todos\my-app\src\components\Todo.tsx">
        <metrics statements="24" coveredstatements="24" conditionals="4" coveredconditionals="4" methods="1" coveredmethods="1"/>
        <line num="1" count="1" type="stmt"/>
        <line num="10" count="1" type="stmt"/>
        <line num="11" count="1" type="cond" truecount="1" falsecount="0"/>
        <line num="12" count="66" type="stmt"/>
        <line num="13" count="66" type="stmt"/>
        <line num="14" count="66" type="stmt"/>
        <line num="15" count="66" type="stmt"/>
        <line num="16" count="66" type="stmt"/>
        <line num="17" count="66" type="stmt"/>
        <line num="18" count="66" type="cond" truecount="1" falsecount="0"/>
        <line num="19" count="66" type="stmt"/>
        <line num="20" count="66" type="stmt"/>
        <line num="21" count="66" type="stmt"/>
        <line num="22" count="66" type="stmt"/>
        <line num="23" count="66" type="stmt"/>
        <line num="24" count="66" type="cond" truecount="2" falsecount="0"/>
        <line num="25" count="66" type="stmt"/>
        <line num="27" count="66" type="stmt"/>
        <line num="28" count="66" type="stmt"/>
        <line num="29" count="66" type="stmt"/>
        <line num="30" count="66" type="stmt"/>
        <line num="32" count="66" type="stmt"/>
        <line num="33" count="1" type="stmt"/>
        <line num="35" count="1" type="stmt"/>
      </file>
    </package>
    <package name="my-app.src.hooks">
      <metrics statements="37" coveredstatements="32" conditionals="10" coveredconditionals="7" methods="1" coveredmethods="1"/>
      <file name="useLoadTodo.tsx" path="C:\Users\diska\Desktop\Development\todos\my-app\src\hooks\useLoadTodo.tsx">
        <metrics statements="37" coveredstatements="32" conditionals="10" coveredconditionals="7" methods="1" coveredmethods="1"/>
        <line num="1" count="1" type="stmt"/>
        <line num="4" count="1" type="stmt"/>
        <line num="5" count="1" type="stmt"/>
        <line num="6" count="1" type="stmt"/>
        <line num="7" count="1" type="stmt"/>
        <line num="8" count="1" type="stmt"/>
        <line num="10" count="1" type="cond" truecount="1" falsecount="0"/>
        <line num="11" count="15" type="stmt"/>
        <line num="12" count="15" type="stmt"/>
        <line num="13" count="15" type="stmt"/>
        <line num="15" count="15" type="cond" truecount="1" falsecount="0"/>
        <line num="16" count="6" type="stmt"/>
        <line num="17" count="6" type="stmt"/>
        <line num="18" count="6" type="cond" truecount="2" falsecount="0"/>
        <line num="19" count="4" type="stmt"/>
        <line num="20" count="4" type="stmt"/>
        <line num="21" count="4" type="cond" truecount="0" falsecount="1"/>
        <line num="22" count="4" type="stmt"/>
        <line num="23" count="5" type="cond" truecount="1" falsecount="0"/>
        <line num="24" count="2" type="stmt"/>
        <line num="25" count="2" type="stmt"/>
        <line num="26" count="6" type="cond" truecount="0" falsecount="1"/>
        <line num="27" count="0" type="stmt"/>
        <line num="28" count="0" type="stmt"/>
        <line num="29" count="0" type="stmt"/>
        <line num="30" count="15" type="stmt"/>
        <line num="33" count="15" type="cond" truecount="1" falsecount="0"/>
        <line num="35" count="14" type="cond" truecount="1" falsecount="0"/>
        <line num="36" count="8" type="stmt"/>
        <line num="37" count="8" type="stmt"/>
        <line num="38" count="8" type="cond" truecount="0" falsecount="1"/>
        <line num="39" count="0" type="stmt"/>
        <line num="40" count="0" type="stmt"/>
        <line num="41" count="8" type="stmt"/>
        <line num="42" count="15" type="stmt"/>
        <line num="43" count="15" type="stmt"/>
        <line num="45" count="1" type="stmt"/>
      </file>
    </package>
  </project>
</coverage>
