{"C:\\Users\\diska\\Desktop\\Development\\todos\\my-app\\tailwind.config.js": {"path":"C:\\Users\\diska\\Desktop\\Development\\todos\\my-app\\tailwind.config.js","all":true,"statementMap":{"0":{"start":{"line":1,"column":0},"end":{"line":1,"column":18}},"1":{"start":{"line":2,"column":0},"end":{"line":2,"column":12}},"2":{"start":{"line":3,"column":0},"end":{"line":3,"column":33}},"3":{"start":{"line":4,"column":0},"end":{"line":4,"column":4}},"4":{"start":{"line":5,"column":0},"end":{"line":5,"column":10}},"5":{"start":{"line":6,"column":0},"end":{"line":6,"column":13}},"6":{"start":{"line":7,"column":0},"end":{"line":7,"column":19}},"7":{"start":{"line":8,"column":0},"end":{"line":8,"column":8}},"8":{"start":{"line":9,"column":0},"end":{"line":9,"column":6}},"9":{"start":{"line":10,"column":0},"end":{"line":10,"column":4}},"10":{"start":{"line":11,"column":0},"end":{"line":11,"column":14}},"11":{"start":{"line":12,"column":0},"end":{"line":12,"column":1}}},"s":{"0":0,"1":0,"2":0,"3":0,"4":0,"5":0,"6":0,"7":0,"8":0,"9":0,"10":0,"11":0},"branchMap":{"0":{"type":"branch","line":1,"loc":{"start":{"line":1,"column":0},"end":{"line":12,"column":1}},"locations":[{"start":{"line":1,"column":0},"end":{"line":12,"column":1}}]}},"b":{"0":[0]},"fnMap":{"0":{"name":"(empty-report)","decl":{"start":{"line":1,"column":0},"end":{"line":12,"column":1}},"loc":{"start":{"line":1,"column":0},"end":{"line":12,"column":1}},"line":1}},"f":{"0":0}}
,"C:\\Users\\diska\\Desktop\\Development\\todos\\my-app\\src\\App.tsx": {"path":"C:\\Users\\diska\\Desktop\\Development\\todos\\my-app\\src\\App.tsx","all":false,"statementMap":{"0":{"start":{"line":1,"column":0},"end":{"line":1,"column":44}},"1":{"start":{"line":2,"column":0},"end":{"line":2,"column":19}},"2":{"start":{"line":3,"column":0},"end":{"line":3,"column":37}},"3":{"start":{"line":4,"column":0},"end":{"line":4,"column":41}},"4":{"start":{"line":5,"column":0},"end":{"line":5,"column":46}},"14":{"start":{"line":15,"column":0},"end":{"line":15,"column":16}},"15":{"start":{"line":16,"column":0},"end":{"line":16,"column":65}},"16":{"start":{"line":17,"column":0},"end":{"line":17,"column":66}},"18":{"start":{"line":19,"column":0},"end":{"line":19,"column":61}},"21":{"start":{"line":22,"column":0},"end":{"line":22,"column":45}},"22":{"start":{"line":23,"column":0},"end":{"line":23,"column":13}},"23":{"start":{"line":24,"column":0},"end":{"line":24,"column":20}},"24":{"start":{"line":25,"column":0},"end":{"line":25,"column":20}},"25":{"start":{"line":26,"column":0},"end":{"line":26,"column":31}},"26":{"start":{"line":27,"column":0},"end":{"line":27,"column":74}},"27":{"start":{"line":28,"column":0},"end":{"line":28,"column":10}},"28":{"start":{"line":29,"column":0},"end":{"line":29,"column":6}},"29":{"start":{"line":30,"column":0},"end":{"line":30,"column":4}},"32":{"start":{"line":33,"column":0},"end":{"line":33,"column":34}},"33":{"start":{"line":34,"column":0},"end":{"line":34,"column":13}},"34":{"start":{"line":35,"column":0},"end":{"line":35,"column":20}},"35":{"start":{"line":36,"column":0},"end":{"line":36,"column":20}},"36":{"start":{"line":37,"column":0},"end":{"line":37,"column":17}},"37":{"start":{"line":38,"column":0},"end":{"line":38,"column":53}},"38":{"start":{"line":39,"column":0},"end":{"line":39,"column":62}},"39":{"start":{"line":40,"column":0},"end":{"line":40,"column":6}},"40":{"start":{"line":41,"column":0},"end":{"line":41,"column":4}},"43":{"start":{"line":44,"column":0},"end":{"line":44,"column":34}},"46":{"start":{"line":47,"column":0},"end":{"line":47,"column":54}},"47":{"start":{"line":48,"column":0},"end":{"line":48,"column":12}},"48":{"start":{"line":49,"column":0},"end":{"line":49,"column":38}},"49":{"start":{"line":50,"column":0},"end":{"line":50,"column":29}},"50":{"start":{"line":51,"column":0},"end":{"line":51,"column":18}},"51":{"start":{"line":52,"column":0},"end":{"line":52,"column":11}},"52":{"start":{"line":53,"column":0},"end":{"line":53,"column":36}},"53":{"start":{"line":54,"column":0},"end":{"line":54,"column":23}},"54":{"start":{"line":55,"column":0},"end":{"line":55,"column":29}},"55":{"start":{"line":56,"column":0},"end":{"line":56,"column":12}},"56":{"start":{"line":57,"column":0},"end":{"line":57,"column":22}},"57":{"start":{"line":58,"column":0},"end":{"line":58,"column":11}},"58":{"start":{"line":59,"column":0},"end":{"line":59,"column":27}},"59":{"start":{"line":60,"column":0},"end":{"line":60,"column":7}},"60":{"start":{"line":61,"column":0},"end":{"line":61,"column":5}},"61":{"start":{"line":62,"column":0},"end":{"line":62,"column":4}},"63":{"start":{"line":64,"column":0},"end":{"line":64,"column":74}},"65":{"start":{"line":66,"column":0},"end":{"line":66,"column":10}},"66":{"start":{"line":67,"column":0},"end":{"line":67,"column":6}},"67":{"start":{"line":68,"column":0},"end":{"line":68,"column":105}},"68":{"start":{"line":69,"column":0},"end":{"line":69,"column":26}},"69":{"start":{"line":70,"column":0},"end":{"line":70,"column":123}},"71":{"start":{"line":72,"column":0},"end":{"line":72,"column":15}},"72":{"start":{"line":73,"column":0},"end":{"line":73,"column":14}},"73":{"start":{"line":74,"column":0},"end":{"line":74,"column":77}},"74":{"start":{"line":75,"column":0},"end":{"line":75,"column":71}},"75":{"start":{"line":76,"column":0},"end":{"line":76,"column":52}},"78":{"start":{"line":79,"column":0},"end":{"line":79,"column":18}},"79":{"start":{"line":80,"column":0},"end":{"line":80,"column":252}},"81":{"start":{"line":82,"column":0},"end":{"line":82,"column":20}},"82":{"start":{"line":83,"column":0},"end":{"line":83,"column":202}},"84":{"start":{"line":85,"column":0},"end":{"line":85,"column":23}},"85":{"start":{"line":86,"column":0},"end":{"line":86,"column":38}},"86":{"start":{"line":87,"column":0},"end":{"line":87,"column":41}},"87":{"start":{"line":88,"column":0},"end":{"line":88,"column":33}},"88":{"start":{"line":89,"column":0},"end":{"line":89,"column":22}},"89":{"start":{"line":90,"column":0},"end":{"line":90,"column":65}},"91":{"start":{"line":92,"column":0},"end":{"line":92,"column":26}},"92":{"start":{"line":93,"column":0},"end":{"line":93,"column":33}},"93":{"start":{"line":94,"column":0},"end":{"line":94,"column":41}},"94":{"start":{"line":95,"column":0},"end":{"line":95,"column":70}},"95":{"start":{"line":96,"column":0},"end":{"line":96,"column":88}},"96":{"start":{"line":97,"column":0},"end":{"line":97,"column":58}},"97":{"start":{"line":98,"column":0},"end":{"line":98,"column":22}},"98":{"start":{"line":99,"column":0},"end":{"line":99,"column":27}},"99":{"start":{"line":100,"column":0},"end":{"line":100,"column":35}},"100":{"start":{"line":101,"column":0},"end":{"line":101,"column":50}},"101":{"start":{"line":102,"column":0},"end":{"line":102,"column":59}},"102":{"start":{"line":103,"column":0},"end":{"line":103,"column":114}},"104":{"start":{"line":105,"column":0},"end":{"line":105,"column":26}},"105":{"start":{"line":106,"column":0},"end":{"line":106,"column":58}},"106":{"start":{"line":107,"column":0},"end":{"line":107,"column":31}},"107":{"start":{"line":108,"column":0},"end":{"line":108,"column":31}},"108":{"start":{"line":109,"column":0},"end":{"line":109,"column":34}},"109":{"start":{"line":110,"column":0},"end":{"line":110,"column":35}},"110":{"start":{"line":111,"column":0},"end":{"line":111,"column":43}},"112":{"start":{"line":113,"column":0},"end":{"line":113,"column":629}},"113":{"start":{"line":114,"column":0},"end":{"line":114,"column":28}},"114":{"start":{"line":115,"column":0},"end":{"line":115,"column":29}},"115":{"start":{"line":116,"column":0},"end":{"line":116,"column":25}},"116":{"start":{"line":117,"column":0},"end":{"line":117,"column":22}},"117":{"start":{"line":118,"column":0},"end":{"line":118,"column":20}},"118":{"start":{"line":119,"column":0},"end":{"line":119,"column":142}},"120":{"start":{"line":121,"column":0},"end":{"line":121,"column":44}},"121":{"start":{"line":122,"column":0},"end":{"line":122,"column":25}},"122":{"start":{"line":123,"column":0},"end":{"line":123,"column":35}},"123":{"start":{"line":124,"column":0},"end":{"line":124,"column":34}},"124":{"start":{"line":125,"column":0},"end":{"line":125,"column":48}},"125":{"start":{"line":126,"column":0},"end":{"line":126,"column":59}},"127":{"start":{"line":128,"column":0},"end":{"line":128,"column":33}},"128":{"start":{"line":129,"column":0},"end":{"line":129,"column":27}},"129":{"start":{"line":130,"column":0},"end":{"line":130,"column":21}},"130":{"start":{"line":131,"column":0},"end":{"line":131,"column":22}},"131":{"start":{"line":132,"column":0},"end":{"line":132,"column":20}},"135":{"start":{"line":136,"column":0},"end":{"line":136,"column":18}},"136":{"start":{"line":137,"column":0},"end":{"line":137,"column":195}},"138":{"start":{"line":139,"column":0},"end":{"line":139,"column":20}},"139":{"start":{"line":140,"column":0},"end":{"line":140,"column":167}},"141":{"start":{"line":142,"column":0},"end":{"line":142,"column":27}},"142":{"start":{"line":143,"column":0},"end":{"line":143,"column":64}},"143":{"start":{"line":144,"column":0},"end":{"line":144,"column":36}},"144":{"start":{"line":145,"column":0},"end":{"line":145,"column":27}},"145":{"start":{"line":146,"column":0},"end":{"line":146,"column":37}},"146":{"start":{"line":147,"column":0},"end":{"line":147,"column":36}},"147":{"start":{"line":148,"column":0},"end":{"line":148,"column":50}},"148":{"start":{"line":149,"column":0},"end":{"line":149,"column":61}},"150":{"start":{"line":151,"column":0},"end":{"line":151,"column":35}},"151":{"start":{"line":152,"column":0},"end":{"line":152,"column":29}},"152":{"start":{"line":153,"column":0},"end":{"line":153,"column":23}},"153":{"start":{"line":154,"column":0},"end":{"line":154,"column":22}},"154":{"start":{"line":155,"column":0},"end":{"line":155,"column":20}},"157":{"start":{"line":158,"column":0},"end":{"line":158,"column":18}},"158":{"start":{"line":159,"column":0},"end":{"line":159,"column":186}},"161":{"start":{"line":162,"column":0},"end":{"line":162,"column":20}},"162":{"start":{"line":163,"column":0},"end":{"line":163,"column":170}},"164":{"start":{"line":165,"column":0},"end":{"line":165,"column":27}},"165":{"start":{"line":166,"column":0},"end":{"line":166,"column":63}},"166":{"start":{"line":167,"column":0},"end":{"line":167,"column":36}},"167":{"start":{"line":168,"column":0},"end":{"line":168,"column":27}},"168":{"start":{"line":169,"column":0},"end":{"line":169,"column":37}},"169":{"start":{"line":170,"column":0},"end":{"line":170,"column":36}},"170":{"start":{"line":171,"column":0},"end":{"line":171,"column":50}},"171":{"start":{"line":172,"column":0},"end":{"line":172,"column":61}},"173":{"start":{"line":174,"column":0},"end":{"line":174,"column":35}},"174":{"start":{"line":175,"column":0},"end":{"line":175,"column":29}},"175":{"start":{"line":176,"column":0},"end":{"line":176,"column":23}},"176":{"start":{"line":177,"column":0},"end":{"line":177,"column":22}},"178":{"start":{"line":179,"column":0},"end":{"line":179,"column":20}},"179":{"start":{"line":180,"column":0},"end":{"line":180,"column":18}},"181":{"start":{"line":182,"column":0},"end":{"line":182,"column":19}},"182":{"start":{"line":183,"column":0},"end":{"line":183,"column":35}},"183":{"start":{"line":184,"column":0},"end":{"line":184,"column":37}},"184":{"start":{"line":185,"column":0},"end":{"line":185,"column":43}},"185":{"start":{"line":186,"column":0},"end":{"line":186,"column":49}},"186":{"start":{"line":187,"column":0},"end":{"line":187,"column":14}},"187":{"start":{"line":188,"column":0},"end":{"line":188,"column":16}},"188":{"start":{"line":189,"column":0},"end":{"line":189,"column":14}},"189":{"start":{"line":190,"column":0},"end":{"line":190,"column":16}},"190":{"start":{"line":191,"column":0},"end":{"line":191,"column":7}},"192":{"start":{"line":193,"column":0},"end":{"line":193,"column":1}},"194":{"start":{"line":195,"column":0},"end":{"line":195,"column":19}}},"s":{"0":1,"1":1,"2":1,"3":1,"4":1,"14":13,"15":13,"16":13,"18":13,"21":13,"22":2,"23":2,"24":2,"25":2,"26":8,"27":2,"28":2,"29":2,"32":13,"33":1,"34":1,"35":1,"36":1,"37":1,"38":1,"39":1,"40":1,"43":13,"46":13,"47":1,"48":1,"49":1,"50":1,"51":1,"52":1,"53":1,"54":1,"55":1,"56":1,"57":1,"58":1,"59":1,"60":1,"61":1,"63":13,"65":13,"66":13,"67":13,"68":13,"69":13,"71":13,"72":13,"73":13,"74":13,"75":13,"78":13,"79":13,"81":13,"82":13,"84":13,"85":13,"86":1,"87":1,"88":1,"89":13,"91":13,"92":13,"93":13,"94":13,"95":13,"96":13,"97":13,"98":13,"99":13,"100":13,"101":13,"102":13,"104":13,"105":13,"106":13,"107":13,"108":13,"109":13,"110":13,"112":13,"113":13,"114":13,"115":13,"116":13,"117":13,"118":13,"120":13,"121":33,"122":33,"123":33,"124":33,"125":33,"127":33,"128":33,"129":13,"130":13,"131":13,"135":13,"136":13,"138":13,"139":13,"141":13,"142":13,"143":13,"144":22,"145":22,"146":22,"147":22,"148":22,"150":22,"151":22,"152":13,"153":13,"154":13,"157":13,"158":13,"161":13,"162":13,"164":13,"165":13,"166":13,"167":11,"168":11,"169":11,"170":11,"171":11,"173":11,"174":11,"175":13,"176":13,"178":13,"179":13,"181":13,"182":13,"183":13,"184":13,"185":13,"186":13,"187":13,"188":13,"189":13,"190":13,"192":13,"194":1},"branchMap":{"0":{"type":"branch","line":15,"loc":{"start":{"line":15,"column":0},"end":{"line":193,"column":1}},"locations":[{"start":{"line":15,"column":0},"end":{"line":193,"column":1}}]},"1":{"type":"branch","line":64,"loc":{"start":{"line":64,"column":20},"end":{"line":64,"column":37}},"locations":[{"start":{"line":64,"column":20},"end":{"line":64,"column":37}}]},"2":{"type":"branch","line":80,"loc":{"start":{"line":80,"column":53},"end":{"line":80,"column":163}},"locations":[{"start":{"line":80,"column":53},"end":{"line":80,"column":163}}]},"3":{"type":"branch","line":83,"loc":{"start":{"line":83,"column":55},"end":{"line":83,"column":82}},"locations":[{"start":{"line":83,"column":55},"end":{"line":83,"column":82}}]},"4":{"type":"branch","line":102,"loc":{"start":{"line":102,"column":32},"end":{"line":102,"column":54}},"locations":[{"start":{"line":102,"column":32},"end":{"line":102,"column":54}}]},"5":{"type":"branch","line":102,"loc":{"start":{"line":102,"column":46},"end":{"line":102,"column":59}},"locations":[{"start":{"line":102,"column":46},"end":{"line":102,"column":59}}]},"6":{"type":"branch","line":119,"loc":{"start":{"line":119,"column":55},"end":{"line":119,"column":82}},"locations":[{"start":{"line":119,"column":55},"end":{"line":119,"column":82}}]},"7":{"type":"branch","line":121,"loc":{"start":{"line":121,"column":19},"end":{"line":121,"column":33}},"locations":[{"start":{"line":121,"column":19},"end":{"line":121,"column":33}}]},"8":{"type":"branch","line":137,"loc":{"start":{"line":137,"column":45},"end":{"line":137,"column":74}},"locations":[{"start":{"line":137,"column":45},"end":{"line":137,"column":74}}]},"9":{"type":"branch","line":140,"loc":{"start":{"line":140,"column":47},"end":{"line":140,"column":74}},"locations":[{"start":{"line":140,"column":47},"end":{"line":140,"column":74}}]},"10":{"type":"branch","line":142,"loc":{"start":{"line":142,"column":19},"end":{"line":143,"column":29}},"locations":[{"start":{"line":142,"column":19},"end":{"line":143,"column":29}}]},"11":{"type":"branch","line":159,"loc":{"start":{"line":159,"column":45},"end":{"line":159,"column":77}},"locations":[{"start":{"line":159,"column":45},"end":{"line":159,"column":77}}]},"12":{"type":"branch","line":163,"loc":{"start":{"line":163,"column":47},"end":{"line":163,"column":77}},"locations":[{"start":{"line":163,"column":47},"end":{"line":163,"column":77}}]},"13":{"type":"branch","line":165,"loc":{"start":{"line":165,"column":19},"end":{"line":166,"column":29}},"locations":[{"start":{"line":165,"column":19},"end":{"line":166,"column":29}}]},"14":{"type":"branch","line":22,"loc":{"start":{"line":22,"column":28},"end":{"line":30,"column":4}},"locations":[{"start":{"line":22,"column":28},"end":{"line":30,"column":4}}]},"15":{"type":"branch","line":24,"loc":{"start":{"line":24,"column":6},"end":{"line":28,"column":10}},"locations":[{"start":{"line":24,"column":6},"end":{"line":28,"column":10}}]},"16":{"type":"branch","line":26,"loc":{"start":{"line":26,"column":22},"end":{"line":27,"column":74}},"locations":[{"start":{"line":26,"column":22},"end":{"line":27,"column":74}}]},"17":{"type":"branch","line":27,"loc":{"start":{"line":27,"column":22},"end":{"line":27,"column":69}},"locations":[{"start":{"line":27,"column":22},"end":{"line":27,"column":69}}]},"18":{"type":"branch","line":27,"loc":{"start":{"line":27,"column":65},"end":{"line":27,"column":74}},"locations":[{"start":{"line":27,"column":65},"end":{"line":27,"column":74}}]},"19":{"type":"branch","line":33,"loc":{"start":{"line":33,"column":27},"end":{"line":41,"column":4}},"locations":[{"start":{"line":33,"column":27},"end":{"line":41,"column":4}}]},"20":{"type":"branch","line":35,"loc":{"start":{"line":35,"column":6},"end":{"line":39,"column":62}},"locations":[{"start":{"line":35,"column":6},"end":{"line":39,"column":62}}]},"21":{"type":"branch","line":38,"loc":{"start":{"line":38,"column":18},"end":{"line":38,"column":52}},"locations":[{"start":{"line":38,"column":18},"end":{"line":38,"column":52}}]},"22":{"type":"branch","line":39,"loc":{"start":{"line":39,"column":15},"end":{"line":39,"column":60}},"locations":[{"start":{"line":39,"column":15},"end":{"line":39,"column":60}}]},"23":{"type":"branch","line":47,"loc":{"start":{"line":47,"column":18},"end":{"line":62,"column":4}},"locations":[{"start":{"line":47,"column":18},"end":{"line":62,"column":4}}]},"24":{"type":"branch","line":64,"loc":{"start":{"line":64,"column":37},"end":{"line":64,"column":65}},"locations":[{"start":{"line":64,"column":37},"end":{"line":64,"column":65}}]},"25":{"type":"branch","line":86,"loc":{"start":{"line":86,"column":30},"end":{"line":89,"column":22}},"locations":[{"start":{"line":86,"column":30},"end":{"line":89,"column":22}}]},"26":{"type":"branch","line":95,"loc":{"start":{"line":95,"column":32},"end":{"line":95,"column":70}},"locations":[{"start":{"line":95,"column":32},"end":{"line":95,"column":70}}]},"27":{"type":"branch","line":121,"loc":{"start":{"line":121,"column":33},"end":{"line":129,"column":27}},"locations":[{"start":{"line":121,"column":33},"end":{"line":129,"column":27}}]},"28":{"type":"branch","line":143,"loc":{"start":{"line":143,"column":29},"end":{"line":143,"column":63}},"locations":[{"start":{"line":143,"column":29},"end":{"line":143,"column":63}}]},"29":{"type":"branch","line":144,"loc":{"start":{"line":144,"column":25},"end":{"line":152,"column":29}},"locations":[{"start":{"line":144,"column":25},"end":{"line":152,"column":29}}]},"30":{"type":"branch","line":166,"loc":{"start":{"line":166,"column":29},"end":{"line":166,"column":62}},"locations":[{"start":{"line":166,"column":29},"end":{"line":166,"column":62}}]},"31":{"type":"branch","line":167,"loc":{"start":{"line":167,"column":25},"end":{"line":175,"column":29}},"locations":[{"start":{"line":167,"column":25},"end":{"line":175,"column":29}}]}},"b":{"0":[13],"1":[9],"2":[0],"3":[0],"4":[1],"5":[12],"6":[0],"7":[9],"8":[0],"9":[0],"10":[9],"11":[0],"12":[0],"13":[9],"14":[2],"15":[2],"16":[8],"17":[2],"18":[6],"19":[1],"20":[1],"21":[4],"22":[3],"23":[1],"24":[33],"25":[1],"26":[1],"27":[33],"28":[33],"29":[22],"30":[33],"31":[11]},"fnMap":{"0":{"name":"App","decl":{"start":{"line":15,"column":0},"end":{"line":193,"column":1}},"loc":{"start":{"line":15,"column":0},"end":{"line":193,"column":1}},"line":15},"1":{"name":"onToggleCompleted","decl":{"start":{"line":22,"column":28},"end":{"line":30,"column":4}},"loc":{"start":{"line":22,"column":28},"end":{"line":30,"column":4}},"line":22},"2":{"name":"onClearCompleted","decl":{"start":{"line":33,"column":27},"end":{"line":41,"column":4}},"loc":{"start":{"line":33,"column":27},"end":{"line":41,"column":4}},"line":33},"3":{"name":"addTodo","decl":{"start":{"line":47,"column":18},"end":{"line":62,"column":4}},"loc":{"start":{"line":47,"column":18},"end":{"line":62,"column":4}},"line":47},"4":{"name":"onSubmit","decl":{"start":{"line":86,"column":30},"end":{"line":89,"column":22}},"loc":{"start":{"line":86,"column":30},"end":{"line":89,"column":22}},"line":86},"5":{"name":"onChange","decl":{"start":{"line":95,"column":32},"end":{"line":95,"column":70}},"loc":{"start":{"line":95,"column":32},"end":{"line":95,"column":70}},"line":95}},"f":{"0":13,"1":2,"2":1,"3":1,"4":1,"5":1}}
,"C:\\Users\\diska\\Desktop\\Development\\todos\\my-app\\src\\main.tsx": {"path":"C:\\Users\\diska\\Desktop\\Development\\todos\\my-app\\src\\main.tsx","all":true,"statementMap":{"0":{"start":{"line":1,"column":0},"end":{"line":1,"column":35}},"1":{"start":{"line":2,"column":0},"end":{"line":2,"column":46}},"2":{"start":{"line":3,"column":0},"end":{"line":3,"column":21}},"3":{"start":{"line":4,"column":0},"end":{"line":4,"column":27}},"4":{"start":{"line":5,"column":0},"end":{"line":5,"column":67}},"6":{"start":{"line":7,"column":0},"end":{"line":7,"column":36}},"7":{"start":{"line":8,"column":0},"end":{"line":8,"column":3}},"8":{"start":{"line":9,"column":0},"end":{"line":9,"column":14}},"9":{"start":{"line":10,"column":0},"end":{"line":10,"column":21}},"11":{"start":{"line":12,"column":0},"end":{"line":12,"column":15}},"13":{"start":{"line":14,"column":0},"end":{"line":14,"column":6}},"14":{"start":{"line":15,"column":0},"end":{"line":15,"column":4}},"15":{"start":{"line":16,"column":0},"end":{"line":16,"column":3}},"17":{"start":{"line":18,"column":0},"end":{"line":18,"column":52}},"19":{"start":{"line":20,"column":0},"end":{"line":20,"column":69}},"21":{"start":{"line":22,"column":0},"end":{"line":22,"column":37}},"24":{"start":{"line":25,"column":0},"end":{"line":25,"column":12}},"25":{"start":{"line":26,"column":0},"end":{"line":26,"column":14}},"26":{"start":{"line":27,"column":0},"end":{"line":27,"column":38}},"27":{"start":{"line":28,"column":0},"end":{"line":28,"column":15}},"28":{"start":{"line":29,"column":0},"end":{"line":29,"column":2}}},"s":{"0":0,"1":0,"2":0,"3":0,"4":0,"6":0,"7":0,"8":0,"9":0,"11":0,"13":0,"14":0,"15":0,"17":0,"19":0,"21":0,"24":0,"25":0,"26":0,"27":0,"28":0},"branchMap":{"0":{"type":"branch","line":1,"loc":{"start":{"line":1,"column":271},"end":{"line":29,"column":-439}},"locations":[{"start":{"line":1,"column":271},"end":{"line":29,"column":-439}}]}},"b":{"0":[0]},"fnMap":{"0":{"name":"(empty-report)","decl":{"start":{"line":1,"column":271},"end":{"line":29,"column":-439}},"loc":{"start":{"line":1,"column":271},"end":{"line":29,"column":-439}},"line":1}},"f":{"0":0}}
,"C:\\Users\\diska\\Desktop\\Development\\todos\\my-app\\src\\components\\Button.tsx": {"path":"C:\\Users\\diska\\Desktop\\Development\\todos\\my-app\\src\\components\\Button.tsx","all":false,"statementMap":{"0":{"start":{"line":1,"column":0},"end":{"line":1,"column":40}},"10":{"start":{"line":11,"column":0},"end":{"line":11,"column":20}},"11":{"start":{"line":12,"column":0},"end":{"line":12,"column":79}},"13":{"start":{"line":14,"column":0},"end":{"line":14,"column":69}},"14":{"start":{"line":15,"column":0},"end":{"line":15,"column":37}},"15":{"start":{"line":16,"column":0},"end":{"line":16,"column":53}},"18":{"start":{"line":19,"column":0},"end":{"line":19,"column":72}},"19":{"start":{"line":20,"column":0},"end":{"line":20,"column":28}},"20":{"start":{"line":21,"column":0},"end":{"line":21,"column":7}},"21":{"start":{"line":22,"column":0},"end":{"line":22,"column":6}},"23":{"start":{"line":24,"column":0},"end":{"line":24,"column":56}},"24":{"start":{"line":25,"column":0},"end":{"line":25,"column":49}},"26":{"start":{"line":27,"column":0},"end":{"line":27,"column":12}},"27":{"start":{"line":28,"column":0},"end":{"line":28,"column":13}},"28":{"start":{"line":29,"column":0},"end":{"line":29,"column":56}},"29":{"start":{"line":30,"column":0},"end":{"line":30,"column":18}},"30":{"start":{"line":31,"column":0},"end":{"line":31,"column":58}},"31":{"start":{"line":32,"column":0},"end":{"line":32,"column":42}},"32":{"start":{"line":33,"column":0},"end":{"line":33,"column":11}},"33":{"start":{"line":34,"column":0},"end":{"line":34,"column":29}},"35":{"start":{"line":36,"column":0},"end":{"line":36,"column":18}},"36":{"start":{"line":37,"column":0},"end":{"line":37,"column":15}},"38":{"start":{"line":39,"column":0},"end":{"line":39,"column":4}},"39":{"start":{"line":40,"column":0},"end":{"line":40,"column":2}},"41":{"start":{"line":42,"column":0},"end":{"line":42,"column":22}}},"s":{"0":1,"10":1,"11":1,"13":12,"14":0,"15":0,"18":0,"19":0,"20":0,"21":0,"23":12,"24":12,"26":12,"27":12,"28":12,"29":12,"30":4,"31":8,"32":12,"33":12,"35":12,"36":12,"38":12,"39":1,"41":1},"branchMap":{"0":{"type":"branch","line":12,"loc":{"start":{"line":12,"column":2},"end":{"line":39,"column":4}},"locations":[{"start":{"line":12,"column":2},"end":{"line":39,"column":4}}]},"1":{"type":"branch","line":30,"loc":{"start":{"line":30,"column":10},"end":{"line":31,"column":58}},"locations":[{"start":{"line":30,"column":10},"end":{"line":31,"column":58}}]},"2":{"type":"branch","line":31,"loc":{"start":{"line":31,"column":14},"end":{"line":32,"column":42}},"locations":[{"start":{"line":31,"column":14},"end":{"line":32,"column":42}}]}},"b":{"0":[12],"1":[4],"2":[8]},"fnMap":{"0":{"name":"setActivePage","decl":{"start":{"line":12,"column":50},"end":{"line":12,"column":59}},"loc":{"start":{"line":12,"column":50},"end":{"line":12,"column":59}},"line":12},"1":{"name":"handleClick","decl":{"start":{"line":14,"column":24},"end":{"line":22,"column":6}},"loc":{"start":{"line":14,"column":24},"end":{"line":22,"column":6}},"line":14}},"f":{"0":0,"1":0}}
,"C:\\Users\\diska\\Desktop\\Development\\todos\\my-app\\src\\components\\Footer.tsx": {"path":"C:\\Users\\diska\\Desktop\\Development\\todos\\my-app\\src\\components\\Footer.tsx","all":false,"statementMap":{"0":{"start":{"line":1,"column":0},"end":{"line":1,"column":30}},"2":{"start":{"line":3,"column":0},"end":{"line":3,"column":29}},"4":{"start":{"line":5,"column":0},"end":{"line":5,"column":20}},"5":{"start":{"line":6,"column":0},"end":{"line":6,"column":4}},"6":{"start":{"line":7,"column":0},"end":{"line":7,"column":18}},"7":{"start":{"line":8,"column":0},"end":{"line":8,"column":15}},"8":{"start":{"line":9,"column":0},"end":{"line":9,"column":18}},"9":{"start":{"line":10,"column":0},"end":{"line":10,"column":21}},"10":{"start":{"line":11,"column":0},"end":{"line":11,"column":6}},"15":{"start":{"line":16,"column":0},"end":{"line":16,"column":9}},"16":{"start":{"line":17,"column":0},"end":{"line":17,"column":12}},"17":{"start":{"line":18,"column":0},"end":{"line":18,"column":134}},"18":{"start":{"line":19,"column":0},"end":{"line":19,"column":13}},"19":{"start":{"line":20,"column":0},"end":{"line":20,"column":39}},"20":{"start":{"line":21,"column":0},"end":{"line":21,"column":14}},"21":{"start":{"line":22,"column":0},"end":{"line":22,"column":13}},"22":{"start":{"line":23,"column":0},"end":{"line":23,"column":72}},"24":{"start":{"line":25,"column":0},"end":{"line":25,"column":19}},"25":{"start":{"line":26,"column":0},"end":{"line":26,"column":14}},"26":{"start":{"line":27,"column":0},"end":{"line":27,"column":13}},"27":{"start":{"line":28,"column":0},"end":{"line":28,"column":72}},"29":{"start":{"line":30,"column":0},"end":{"line":30,"column":19}},"30":{"start":{"line":31,"column":0},"end":{"line":31,"column":14}},"31":{"start":{"line":32,"column":0},"end":{"line":32,"column":13}},"32":{"start":{"line":33,"column":0},"end":{"line":33,"column":72}},"34":{"start":{"line":35,"column":0},"end":{"line":35,"column":19}},"35":{"start":{"line":36,"column":0},"end":{"line":36,"column":14}},"36":{"start":{"line":37,"column":0},"end":{"line":37,"column":13}},"37":{"start":{"line":38,"column":0},"end":{"line":38,"column":17}},"38":{"start":{"line":39,"column":0},"end":{"line":39,"column":38}},"39":{"start":{"line":40,"column":0},"end":{"line":40,"column":81}},"41":{"start":{"line":42,"column":0},"end":{"line":42,"column":34}},"42":{"start":{"line":43,"column":0},"end":{"line":43,"column":19}},"43":{"start":{"line":44,"column":0},"end":{"line":44,"column":14}},"44":{"start":{"line":45,"column":0},"end":{"line":45,"column":15}},"46":{"start":{"line":47,"column":0},"end":{"line":47,"column":4}},"47":{"start":{"line":48,"column":0},"end":{"line":48,"column":2}},"49":{"start":{"line":50,"column":0},"end":{"line":50,"column":22}}},"s":{"0":1,"2":1,"4":1,"5":1,"6":13,"7":13,"8":13,"9":13,"10":13,"15":13,"16":13,"17":13,"18":13,"19":13,"20":13,"21":13,"22":13,"24":13,"25":13,"26":13,"27":13,"29":13,"30":13,"31":13,"32":13,"34":13,"35":13,"36":13,"37":13,"38":13,"39":13,"41":13,"42":13,"43":13,"44":13,"46":13,"47":1,"49":1},"branchMap":{"0":{"type":"branch","line":6,"loc":{"start":{"line":6,"column":2},"end":{"line":47,"column":4}},"locations":[{"start":{"line":6,"column":2},"end":{"line":47,"column":4}}]}},"b":{"0":[13]},"fnMap":{},"f":{}}
,"C:\\Users\\diska\\Desktop\\Development\\todos\\my-app\\src\\components\\Todo.tsx": {"path":"C:\\Users\\diska\\Desktop\\Development\\todos\\my-app\\src\\components\\Todo.tsx","all":false,"statementMap":{"0":{"start":{"line":1,"column":0},"end":{"line":1,"column":40}},"9":{"start":{"line":10,"column":0},"end":{"line":10,"column":18}},"10":{"start":{"line":11,"column":0},"end":{"line":11,"column":69}},"11":{"start":{"line":12,"column":0},"end":{"line":12,"column":12}},"12":{"start":{"line":13,"column":0},"end":{"line":13,"column":111}},"13":{"start":{"line":14,"column":0},"end":{"line":14,"column":14}},"14":{"start":{"line":15,"column":0},"end":{"line":15,"column":25}},"15":{"start":{"line":16,"column":0},"end":{"line":16,"column":25}},"16":{"start":{"line":17,"column":0},"end":{"line":17,"column":29}},"17":{"start":{"line":18,"column":0},"end":{"line":18,"column":48}},"18":{"start":{"line":19,"column":0},"end":{"line":19,"column":106}},"19":{"start":{"line":20,"column":0},"end":{"line":20,"column":10}},"20":{"start":{"line":21,"column":0},"end":{"line":21,"column":53}},"21":{"start":{"line":22,"column":0},"end":{"line":22,"column":12}},"22":{"start":{"line":23,"column":0},"end":{"line":23,"column":57}},"23":{"start":{"line":24,"column":0},"end":{"line":24,"column":72}},"24":{"start":{"line":25,"column":0},"end":{"line":25,"column":15}},"26":{"start":{"line":27,"column":0},"end":{"line":27,"column":22}},"27":{"start":{"line":28,"column":0},"end":{"line":28,"column":14}},"28":{"start":{"line":29,"column":0},"end":{"line":29,"column":16}},"29":{"start":{"line":30,"column":0},"end":{"line":30,"column":12}},"31":{"start":{"line":32,"column":0},"end":{"line":32,"column":4}},"32":{"start":{"line":33,"column":0},"end":{"line":33,"column":2}},"34":{"start":{"line":35,"column":0},"end":{"line":35,"column":20}}},"s":{"0":1,"9":1,"10":1,"11":66,"12":66,"13":66,"14":66,"15":66,"16":66,"17":66,"18":66,"19":66,"20":66,"21":66,"22":66,"23":66,"24":66,"26":66,"27":66,"28":66,"29":66,"31":66,"32":1,"34":1},"branchMap":{"0":{"type":"branch","line":11,"loc":{"start":{"line":11,"column":2},"end":{"line":32,"column":4}},"locations":[{"start":{"line":11,"column":2},"end":{"line":32,"column":4}}]},"1":{"type":"branch","line":24,"loc":{"start":{"line":24,"column":14},"end":{"line":24,"column":57}},"locations":[{"start":{"line":24,"column":14},"end":{"line":24,"column":57}}]},"2":{"type":"branch","line":24,"loc":{"start":{"line":24,"column":26},"end":{"line":24,"column":72}},"locations":[{"start":{"line":24,"column":26},"end":{"line":24,"column":72}}]},"3":{"type":"branch","line":18,"loc":{"start":{"line":18,"column":20},"end":{"line":18,"column":48}},"locations":[{"start":{"line":18,"column":20},"end":{"line":18,"column":48}}]}},"b":{"0":[66],"1":[22],"2":[44],"3":[2]},"fnMap":{"0":{"name":"onChange","decl":{"start":{"line":18,"column":20},"end":{"line":18,"column":48}},"loc":{"start":{"line":18,"column":20},"end":{"line":18,"column":48}},"line":18}},"f":{"0":2}}
,"C:\\Users\\diska\\Desktop\\Development\\todos\\my-app\\src\\hooks\\useLoadTodo.tsx": {"path":"C:\\Users\\diska\\Desktop\\Development\\todos\\my-app\\src\\hooks\\useLoadTodo.tsx","all":false,"statementMap":{"0":{"start":{"line":1,"column":0},"end":{"line":1,"column":34}},"3":{"start":{"line":4,"column":0},"end":{"line":4,"column":22}},"4":{"start":{"line":5,"column":0},"end":{"line":5,"column":56}},"5":{"start":{"line":6,"column":0},"end":{"line":6,"column":53}},"6":{"start":{"line":7,"column":0},"end":{"line":7,"column":56}},"7":{"start":{"line":8,"column":0},"end":{"line":8,"column":2}},"9":{"start":{"line":10,"column":0},"end":{"line":10,"column":21}},"10":{"start":{"line":11,"column":0},"end":{"line":11,"column":30}},"11":{"start":{"line":12,"column":0},"end":{"line":12,"column":40}},"12":{"start":{"line":13,"column":0},"end":{"line":13,"column":6}},"14":{"start":{"line":15,"column":0},"end":{"line":15,"column":19}},"15":{"start":{"line":16,"column":0},"end":{"line":16,"column":9}},"16":{"start":{"line":17,"column":0},"end":{"line":17,"column":61}},"17":{"start":{"line":18,"column":0},"end":{"line":18,"column":25}},"18":{"start":{"line":19,"column":0},"end":{"line":19,"column":52}},"19":{"start":{"line":20,"column":0},"end":{"line":20,"column":67}},"20":{"start":{"line":21,"column":0},"end":{"line":21,"column":22}},"21":{"start":{"line":22,"column":0},"end":{"line":22,"column":26}},"22":{"start":{"line":23,"column":0},"end":{"line":23,"column":14}},"23":{"start":{"line":24,"column":0},"end":{"line":24,"column":31}},"24":{"start":{"line":25,"column":0},"end":{"line":25,"column":7}},"25":{"start":{"line":26,"column":0},"end":{"line":26,"column":21}},"26":{"start":{"line":27,"column":0},"end":{"line":27,"column":52}},"27":{"start":{"line":28,"column":0},"end":{"line":28,"column":29}},"28":{"start":{"line":29,"column":0},"end":{"line":29,"column":5}},"29":{"start":{"line":30,"column":0},"end":{"line":30,"column":9}},"32":{"start":{"line":33,"column":0},"end":{"line":33,"column":19}},"34":{"start":{"line":35,"column":0},"end":{"line":35,"column":17}},"35":{"start":{"line":36,"column":0},"end":{"line":36,"column":11}},"36":{"start":{"line":37,"column":0},"end":{"line":37,"column":68}},"37":{"start":{"line":38,"column":0},"end":{"line":38,"column":23}},"38":{"start":{"line":39,"column":0},"end":{"line":39,"column":54}},"39":{"start":{"line":40,"column":0},"end":{"line":40,"column":7}},"40":{"start":{"line":41,"column":0},"end":{"line":41,"column":5}},"41":{"start":{"line":42,"column":0},"end":{"line":42,"column":17}},"42":{"start":{"line":43,"column":0},"end":{"line":43,"column":2}},"44":{"start":{"line":45,"column":0},"end":{"line":45,"column":27}}},"s":{"0":1,"3":1,"4":1,"5":1,"6":1,"7":1,"9":1,"10":15,"11":15,"12":15,"14":15,"15":6,"16":6,"17":6,"18":4,"19":4,"20":4,"21":4,"22":5,"23":2,"24":2,"25":6,"26":0,"27":0,"28":0,"29":15,"32":15,"34":14,"35":8,"36":8,"37":8,"38":0,"39":0,"40":8,"41":15,"42":15,"44":1},"branchMap":{"0":{"type":"branch","line":10,"loc":{"start":{"line":10,"column":20},"end":{"line":43,"column":2}},"locations":[{"start":{"line":10,"column":20},"end":{"line":43,"column":2}}]},"1":{"type":"branch","line":15,"loc":{"start":{"line":15,"column":12},"end":{"line":30,"column":5}},"locations":[{"start":{"line":15,"column":12},"end":{"line":30,"column":5}}]},"2":{"type":"branch","line":18,"loc":{"start":{"line":18,"column":24},"end":{"line":25,"column":7}},"locations":[{"start":{"line":18,"column":24},"end":{"line":25,"column":7}}]},"3":{"type":"branch","line":18,"loc":{"start":{"line":18,"column":24},"end":{"line":23,"column":13}},"locations":[{"start":{"line":18,"column":24},"end":{"line":23,"column":13}}]},"4":{"type":"branch","line":21,"loc":{"start":{"line":21,"column":12},"end":{"line":22,"column":24}},"locations":[{"start":{"line":21,"column":12},"end":{"line":22,"column":24}}]},"5":{"type":"branch","line":23,"loc":{"start":{"line":23,"column":6},"end":{"line":25,"column":7}},"locations":[{"start":{"line":23,"column":6},"end":{"line":25,"column":7}}]},"6":{"type":"branch","line":26,"loc":{"start":{"line":26,"column":4},"end":{"line":29,"column":5}},"locations":[{"start":{"line":26,"column":4},"end":{"line":29,"column":5}}]},"7":{"type":"branch","line":33,"loc":{"start":{"line":33,"column":12},"end":{"line":42,"column":5}},"locations":[{"start":{"line":33,"column":12},"end":{"line":42,"column":5}}]},"8":{"type":"branch","line":35,"loc":{"start":{"line":35,"column":16},"end":{"line":41,"column":5}},"locations":[{"start":{"line":35,"column":16},"end":{"line":41,"column":5}}]},"9":{"type":"branch","line":38,"loc":{"start":{"line":38,"column":6},"end":{"line":40,"column":7}},"locations":[{"start":{"line":38,"column":6},"end":{"line":40,"column":7}}]}},"b":{"0":[15],"1":[6],"2":[5],"3":[4],"4":[0],"5":[2],"6":[0],"7":[14],"8":[8],"9":[0]},"fnMap":{"0":{"name":"useLoadTodo","decl":{"start":{"line":10,"column":20},"end":{"line":43,"column":2}},"loc":{"start":{"line":10,"column":20},"end":{"line":43,"column":2}},"line":10}},"f":{"0":15}}
}
